2025-03-28 13:36:45,300 [INFO] Activator:176 - 


2025-03-28 13:36:45,304 [INFO] Activator:177 - !SESSION log4j initialized
2025-03-28 13:36:50,801 [INFO] LogOutputStream:77 - [STDOUT_REDIRECT] 
2025-03-28 13:36:51,598 [INFO] ApplicationProperties:184 - Using Application install path: C:\ST\STM32CubeIDE_1.17.0\STM32CubeIDE\plugins\com.st.stm32cube.common.mx_6.14.0.202502271554
2025-03-28 13:36:51,613 [INFO] DbMcusXml:78 - Set database path to: C:\ST\STM32CubeIDE_1.17.0\STM32CubeIDE\plugins\com.st.stm32cube.common.mx_6.14.0.202502271554\\db\/mcu/
2025-03-28 13:36:51,614 [INFO] ApiDb:274 - Set plugin database path to: C:\ST\STM32CubeIDE_1.17.0\STM32CubeIDE\plugins\com.st.stm32cube.common.mx_6.14.0.202502271554\\db\/plugins/boardmanager/
2025-03-28 13:36:51,614 [WARN] ApiDb:259 - Overriding images path with different value:  => C:\ST\STM32CubeIDE_1.17.0\STM32CubeIDE\plugins\com.st.stm32cube.common.mx_6.14.0.202502271554\\db\/plugins/mcufinder/images/
2025-03-28 13:36:51,619 [INFO] ApiDb:250 - Set database path to: C:\Users\Jason\.stmcufinder\plugins\mcufinder//mcu/
2025-03-28 13:36:51,620 [INFO] DbMcusAds:125 - Set database path to: C:\Users\Jason\.stmcufinder\plugins\mcufinder//mcu/
2025-03-28 13:36:51,622 [INFO] CrossReferenceDbSqlite:203 - Set database path to: C:\Users\Jason\.stmcufinder\plugins\mcufinder//mcu/cs/
2025-03-28 13:36:51,697 [INFO] RulesReader:64 - Compatibility file has been processed (301 Rules)
2025-03-28 13:36:51,763 [INFO] DbMcusXml:78 - Set database path to: C:\ST\STM32CubeIDE_1.17.0\STM32CubeIDE\plugins\com.st.stm32cube.common.mx_6.14.0.202502271554\\db\/mcu/
2025-03-28 13:36:51,763 [INFO] ApiDb:274 - Set plugin database path to: C:\ST\STM32CubeIDE_1.17.0\STM32CubeIDE\plugins\com.st.stm32cube.common.mx_6.14.0.202502271554\\db\/plugins/boardmanager/
2025-03-28 13:36:51,763 [INFO] ApiDb:261 - Set plugin images path to: C:\ST\STM32CubeIDE_1.17.0\STM32CubeIDE\plugins\com.st.stm32cube.common.mx_6.14.0.202502271554\\db\/plugins/mcufinder/images/
2025-03-28 13:36:51,763 [WARN] DbFile:41 - Overriding database path with different value: C:\Users\Jason\.stmcufinder\plugins\mcufinder/ => C:\Users\Jason\.stmcufinder\plugins\mcufinder
2025-03-28 13:36:51,764 [INFO] ApiDb:250 - Set database path to: C:\Users\Jason\.stmcufinder\plugins\mcufinder//mcu/
2025-03-28 13:36:51,764 [WARN] DbFile:41 - Overriding database path with different value: C:\Users\Jason\.stmcufinder\plugins\mcufinder/ => C:\Users\Jason\.stmcufinder\plugins\mcufinder
2025-03-28 13:36:51,764 [INFO] DbMcusAds:125 - Set database path to: C:\Users\Jason\.stmcufinder\plugins\mcufinder//mcu/
2025-03-28 13:36:51,764 [WARN] DbFile:41 - Overriding database path with different value: C:\Users\Jason\.stmcufinder\plugins\mcufinder/ => C:\Users\Jason\.stmcufinder\plugins\mcufinder
2025-03-28 13:36:51,764 [WARN] DbFile:41 - Overriding database path with different value: C:\Users\Jason\.stmcufinder\plugins\mcufinder/ => C:\Users\Jason\.stmcufinder\plugins\mcufinder
2025-03-28 13:36:51,764 [INFO] CrossReferenceDbSqlite:203 - Set database path to: C:\Users\Jason\.stmcufinder\plugins\mcufinder//mcu/cs/
2025-03-28 13:36:51,821 [INFO] MainPanel:272 - HeapMemory: 268435456
2025-03-28 13:36:51,905 [INFO] DbMcusXml:78 - Set database path to: C:\ST\STM32CubeIDE_1.17.0\STM32CubeIDE\plugins\com.st.stm32cube.common.mx_6.14.0.202502271554\\db\/mcu/
2025-03-28 13:36:51,906 [INFO] ApiDb:274 - Set plugin database path to: C:\ST\STM32CubeIDE_1.17.0\STM32CubeIDE\plugins\com.st.stm32cube.common.mx_6.14.0.202502271554\\db\/plugins/boardmanager/
2025-03-28 13:36:51,906 [INFO] ApiDb:261 - Set plugin images path to: C:\ST\STM32CubeIDE_1.17.0\STM32CubeIDE\plugins\com.st.stm32cube.common.mx_6.14.0.202502271554\\db\/plugins/mcufinder/images/
2025-03-28 13:36:51,906 [WARN] DbFile:41 - Overriding database path with different value: C:\Users\Jason\.stmcufinder\plugins\mcufinder/ => C:\Users\Jason\.stmcufinder\plugins\mcufinder
2025-03-28 13:36:51,906 [INFO] ApiDb:250 - Set database path to: C:\Users\Jason\.stmcufinder\plugins\mcufinder//mcu/
2025-03-28 13:36:51,906 [WARN] DbFile:41 - Overriding database path with different value: C:\Users\Jason\.stmcufinder\plugins\mcufinder/ => C:\Users\Jason\.stmcufinder\plugins\mcufinder
2025-03-28 13:36:51,906 [INFO] DbMcusAds:125 - Set database path to: C:\Users\Jason\.stmcufinder\plugins\mcufinder//mcu/
2025-03-28 13:36:51,906 [WARN] DbFile:41 - Overriding database path with different value: C:\Users\Jason\.stmcufinder\plugins\mcufinder/ => C:\Users\Jason\.stmcufinder\plugins\mcufinder
2025-03-28 13:36:51,906 [WARN] DbFile:41 - Overriding database path with different value: C:\Users\Jason\.stmcufinder\plugins\mcufinder/ => C:\Users\Jason\.stmcufinder\plugins\mcufinder
2025-03-28 13:36:51,906 [INFO] CrossReferenceDbSqlite:203 - Set database path to: C:\Users\Jason\.stmcufinder\plugins\mcufinder//mcu/cs/
2025-03-28 13:36:51,921 [INFO] ApplicationProperties:184 - Using Application install path: C:\ST\STM32CubeIDE_1.17.0\STM32CubeIDE\plugins\com.st.stm32cube.common.mx_6.14.0.202502271554
2025-03-28 13:36:51,922 [INFO] PluginManage:196 - Search for loadable plugins [exclusion list=, ]
2025-03-28 13:36:51,923 [INFO] PluginManage:310 - Check plugin analytics
2025-03-28 13:36:52,027 [INFO] AnalyticsPlugin:253 - Accepted Software Licenses: 
2025-03-28 13:36:52,027 [INFO] AnalyticsPlugin:255 - Accepted CMSIS Pack Licenses: 
2025-03-28 13:36:52,027 [INFO] AnalyticsPlugin:257 - Accepted Firmware Licenses: FW.F4.1.28.0
2025-03-28 13:36:52,029 [INFO] PluginManage:359 - Loaded plugin analytics (category:tool,tabindex:-1)
2025-03-28 13:36:52,030 [INFO] PluginManage:310 - Check plugin cadmodel
2025-03-28 13:36:52,045 [INFO] CADModel:105 - Init CAD model plugin
2025-03-28 13:36:52,045 [INFO] PluginManage:359 - Loaded plugin cadmodel (category:power,tabindex:5)
2025-03-28 13:36:52,045 [INFO] PluginManage:310 - Check plugin clock
2025-03-28 13:36:52,061 [INFO] PluginManage:359 - Loaded plugin clock (category:base,tabindex:2)
2025-03-28 13:36:52,061 [INFO] PluginManage:310 - Check plugin ddr
2025-03-28 13:36:52,063 [INFO] PluginManage:359 - Loaded plugin ddr (category:tool,tabindex:6)
2025-03-28 13:36:52,063 [INFO] PluginManage:310 - Check plugin filemanager
2025-03-28 13:36:52,161 [INFO] PluginManage:359 - Loaded plugin filemanager (category:base,tabindex:10)
2025-03-28 13:36:52,161 [INFO] PluginManage:310 - Check plugin ipmanager
2025-03-28 13:36:52,166 [INFO] PluginManage:359 - Loaded plugin ipmanager (category:base,tabindex:5)
2025-03-28 13:36:52,167 [INFO] PluginManage:310 - Check plugin lpbam
2025-03-28 13:36:52,181 [INFO] PluginManage:359 - Loaded plugin lpbam (category:base,tabindex:0)
2025-03-28 13:36:52,181 [INFO] PluginManage:310 - Check plugin memorymap
2025-03-28 13:36:52,201 [INFO] PluginManage:359 - Loaded plugin memorymap (category:base,tabindex:4)
2025-03-28 13:36:52,201 [INFO] PluginManage:310 - Check plugin pinoutandconfiguration
2025-03-28 13:36:52,215 [INFO] PluginManage:359 - Loaded plugin pinoutandconfiguration (category:base,tabindex:1)
2025-03-28 13:36:52,215 [INFO] PluginManage:310 - Check plugin pinoutconfig
2025-03-28 13:36:52,290 [WARN] SupportedApi:132 - Cannot load RTOS API schema: s4s-elt-must-match.1: The content of 'definitions' must match (annotation?, (simpleType | complexType)?, (unique | key | keyref)*)). A problem was found starting at: attribute.
2025-03-28 13:36:52,377 [INFO] PluginManage:359 - Loaded plugin pinoutconfig (category:base,tabindex:0)
2025-03-28 13:36:52,377 [INFO] PluginManage:310 - Check plugin power
2025-03-28 13:36:52,396 [INFO] PluginManage:359 - Loaded plugin power (category:power,tabindex:4)
2025-03-28 13:36:52,396 [INFO] PluginManage:310 - Check plugin projectmanager
2025-03-28 13:36:52,405 [INFO] PluginManage:359 - Loaded plugin projectmanager (category:projectmanager,tabindex:4)
2025-03-28 13:36:52,406 [INFO] PluginManage:310 - Check plugin rif
2025-03-28 13:36:52,423 [INFO] PluginManage:359 - Loaded plugin rif (category:base,tabindex:3)
2025-03-28 13:36:52,423 [INFO] PluginManage:310 - Check plugin thirdparty
2025-03-28 13:36:52,634 [INFO] PluginManage:359 - Loaded plugin thirdparty (category:base,tabindex:-1)
2025-03-28 13:36:52,634 [WARN] IntegrityCheckThread:84 - waiting for thirdparty lock release [integrity check]
2025-03-28 13:36:52,634 [INFO] PluginManage:310 - Check plugin tools
2025-03-28 13:36:52,634 [INFO] IntegrityCheckThread:86 - entering critical section [integrity check]
2025-03-28 13:36:52,634 [INFO] ThirdPartyUpdaterWithRetryManager:70 - Updater plugin not ready yet. [1/15]
2025-03-28 13:36:52,663 [INFO] PluginManage:359 - Loaded plugin tools (category:base,tabindex:7)
2025-03-28 13:36:52,663 [INFO] PluginManage:310 - Check plugin tutovideos
2025-03-28 13:36:52,803 [INFO] PluginManage:359 - Loaded plugin tutovideos (category:base,tabindex:-1)
2025-03-28 13:36:52,803 [INFO] PluginManage:310 - Check plugin updater
2025-03-28 13:36:52,818 [INFO] PluginManage:359 - Loaded plugin updater (category:base,tabindex:12)
2025-03-28 13:36:52,818 [INFO] PluginManage:310 - Check plugin userauth
2025-03-28 13:36:52,822 [INFO] UserAuth:118 - Init User Auth plugin
2025-03-28 13:36:52,822 [INFO] PluginManage:359 - Loaded plugin userauth (category:base,tabindex:14)
2025-03-28 13:36:52,823 [INFO] PluginManage:283 - PluginManage : Loaded plugins [18]
2025-03-28 13:36:52,969 [INFO] PinOutPanel:1589 - setPackage(No Configuration,No Configuration)
2025-03-28 13:36:53,026 [INFO] CADModel:165 - CPN selected for project level
2025-03-28 13:36:53,026 [INFO] CADModel:114 - Register for checkConnection events
2025-03-28 13:36:53,050 [INFO] IPUIPlugin:80 - create IPUIPlugin
2025-03-28 13:36:53,050 [INFO] PluginManager:220 - loadIPPluginJar : add adc
2025-03-28 13:36:53,082 [INFO] IPUIPlugin:80 - create IPUIPlugin
2025-03-28 13:36:53,082 [INFO] PluginManager:220 - loadIPPluginJar : add aes
2025-03-28 13:36:53,121 [INFO] IPUIPlugin:80 - create IPUIPlugin
2025-03-28 13:36:53,121 [INFO] PluginManager:220 - loadIPPluginJar : add can
2025-03-28 13:36:53,144 [INFO] IPUIPlugin:80 - create IPUIPlugin
2025-03-28 13:36:53,144 [INFO] PluginManager:220 - loadIPPluginJar : add comp
2025-03-28 13:36:53,172 [INFO] IPUIPlugin:80 - create IPUIPlugin
2025-03-28 13:36:53,172 [INFO] PluginManager:220 - loadIPPluginJar : add cryp
2025-03-28 13:36:53,184 [INFO] IPUIPlugin:80 - create IPUIPlugin
2025-03-28 13:36:53,184 [INFO] PluginManager:220 - loadIPPluginJar : add ddr_ctrl_phy
2025-03-28 13:36:53,208 [INFO] IPUIPlugin:80 - create IPUIPlugin
2025-03-28 13:36:53,208 [INFO] PluginManager:220 - loadIPPluginJar : add dfsdm
2025-03-28 13:36:53,221 [INFO] IPUIPlugin:80 - create IPUIPlugin
2025-03-28 13:36:53,221 [INFO] PluginManager:220 - loadIPPluginJar : add dma
2025-03-28 13:36:53,251 [INFO] IPUIPlugin:80 - create IPUIPlugin
2025-03-28 13:36:53,251 [INFO] PluginManager:220 - loadIPPluginJar : add dma3
2025-03-28 13:36:53,288 [INFO] IPUIPlugin:80 - create IPUIPlugin
2025-03-28 13:36:53,288 [INFO] PluginManager:220 - loadIPPluginJar : add extmemmanager
2025-03-28 13:36:53,305 [INFO] IPUIPlugin:80 - create IPUIPlugin
2025-03-28 13:36:53,305 [INFO] PluginManager:220 - loadIPPluginJar : add fatfs
2025-03-28 13:36:53,343 [INFO] IPUIPlugin:80 - create IPUIPlugin
2025-03-28 13:36:53,343 [INFO] PluginManager:220 - loadIPPluginJar : add fmc
2025-03-28 13:36:53,357 [INFO] IPUIPlugin:80 - create IPUIPlugin
2025-03-28 13:36:53,357 [INFO] PluginManager:220 - loadIPPluginJar : add freertos
2025-03-28 13:36:53,375 [INFO] IPUIPlugin:80 - create IPUIPlugin
2025-03-28 13:36:53,376 [INFO] PluginManager:220 - loadIPPluginJar : add genericplugin
2025-03-28 13:36:53,451 [INFO] IPUIPlugin:80 - create IPUIPlugin
2025-03-28 13:36:53,452 [INFO] PluginManager:220 - loadIPPluginJar : add gfxmmu
2025-03-28 13:36:53,554 [INFO] IPUIPlugin:80 - create IPUIPlugin
2025-03-28 13:36:53,555 [INFO] PluginManager:220 - loadIPPluginJar : add gic
2025-03-28 13:36:53,566 [INFO] IPUIPlugin:80 - create IPUIPlugin
2025-03-28 13:36:53,566 [INFO] PluginManager:220 - loadIPPluginJar : add gpio
2025-03-28 13:36:53,638 [INFO] IPUIPlugin:80 - create IPUIPlugin
2025-03-28 13:36:53,638 [INFO] PluginManager:220 - loadIPPluginJar : add gtzc
2025-03-28 13:36:53,666 [INFO] IPUIPlugin:80 - create IPUIPlugin
2025-03-28 13:36:53,666 [INFO] PluginManager:220 - loadIPPluginJar : add hash
2025-03-28 13:36:53,708 [INFO] IPUIPlugin:80 - create IPUIPlugin
2025-03-28 13:36:53,708 [INFO] PluginManager:220 - loadIPPluginJar : add i2c
2025-03-28 13:36:53,742 [INFO] IPUIPlugin:80 - create IPUIPlugin
2025-03-28 13:36:53,742 [INFO] PluginManager:220 - loadIPPluginJar : add i2s
2025-03-28 13:36:53,775 [INFO] IPUIPlugin:80 - create IPUIPlugin
2025-03-28 13:36:53,775 [INFO] PluginManager:220 - loadIPPluginJar : add i3c
2025-03-28 13:36:53,855 [INFO] IPUIPlugin:80 - create IPUIPlugin
2025-03-28 13:36:53,855 [INFO] PluginManager:220 - loadIPPluginJar : add ipddr
2025-03-28 13:36:53,930 [INFO] IPUIPlugin:80 - create IPUIPlugin
2025-03-28 13:36:53,930 [INFO] PluginManager:220 - loadIPPluginJar : add linkedlist
2025-03-28 13:36:53,962 [INFO] IPUIPlugin:80 - create IPUIPlugin
2025-03-28 13:36:53,962 [INFO] PluginManager:220 - loadIPPluginJar : add lorawan
2025-03-28 13:36:53,993 [INFO] IPUIPlugin:80 - create IPUIPlugin
2025-03-28 13:36:53,993 [INFO] PluginManager:220 - loadIPPluginJar : add ltdc
2025-03-28 13:36:54,005 [INFO] IPUIPlugin:80 - create IPUIPlugin
2025-03-28 13:36:54,005 [INFO] PluginManager:220 - loadIPPluginJar : add mdma
2025-03-28 13:36:54,017 [INFO] IPUIPlugin:80 - create IPUIPlugin
2025-03-28 13:36:54,017 [INFO] PluginManager:220 - loadIPPluginJar : add nvic
2025-03-28 13:36:54,050 [INFO] IPUIPlugin:80 - create IPUIPlugin
2025-03-28 13:36:54,050 [INFO] PluginManager:220 - loadIPPluginJar : add opamp
2025-03-28 13:36:54,101 [INFO] IPUIPlugin:80 - create IPUIPlugin
2025-03-28 13:36:54,101 [INFO] PluginManager:220 - loadIPPluginJar : add openamp
2025-03-28 13:36:54,138 [INFO] IPUIPlugin:80 - create IPUIPlugin
2025-03-28 13:36:54,138 [INFO] PluginManager:220 - loadIPPluginJar : add pdm2pcm
2025-03-28 13:36:54,151 [INFO] IPUIPlugin:80 - create IPUIPlugin
2025-03-28 13:36:54,152 [INFO] PluginManager:220 - loadIPPluginJar : add plateformsettings
2025-03-28 13:36:54,173 [INFO] IPUIPlugin:80 - create IPUIPlugin
2025-03-28 13:36:54,173 [INFO] PluginManager:220 - loadIPPluginJar : add quadspi
2025-03-28 13:36:54,196 [INFO] IPUIPlugin:80 - create IPUIPlugin
2025-03-28 13:36:54,197 [INFO] PluginManager:220 - loadIPPluginJar : add radio
2025-03-28 13:36:54,208 [INFO] IPUIPlugin:80 - create IPUIPlugin
2025-03-28 13:36:54,208 [INFO] PluginManager:220 - loadIPPluginJar : add resmgrutility
2025-03-28 13:36:54,247 [INFO] IPUIPlugin:80 - create IPUIPlugin
2025-03-28 13:36:54,247 [INFO] PluginManager:220 - loadIPPluginJar : add sai
2025-03-28 13:36:54,280 [INFO] IPUIPlugin:80 - create IPUIPlugin
2025-03-28 13:36:54,280 [INFO] PluginManager:220 - loadIPPluginJar : add spi
2025-03-28 13:36:54,339 [INFO] IPUIPlugin:80 - create IPUIPlugin
2025-03-28 13:36:54,340 [INFO] PluginManager:220 - loadIPPluginJar : add stm32_wpan
2025-03-28 13:36:54,361 [INFO] IPUIPlugin:80 - create IPUIPlugin
2025-03-28 13:36:54,361 [INFO] PluginManager:220 - loadIPPluginJar : add tim
2025-03-28 13:36:54,411 [INFO] IPUIPlugin:80 - create IPUIPlugin
2025-03-28 13:36:54,411 [INFO] PluginManager:220 - loadIPPluginJar : add touchsensing
2025-03-28 13:36:54,431 [INFO] IPUIPlugin:80 - create IPUIPlugin
2025-03-28 13:36:54,431 [INFO] PluginManager:220 - loadIPPluginJar : add tracer_emb
2025-03-28 13:36:54,451 [INFO] IPUIPlugin:80 - create IPUIPlugin
2025-03-28 13:36:54,451 [INFO] PluginManager:220 - loadIPPluginJar : add ts
2025-03-28 13:36:54,476 [INFO] IPUIPlugin:80 - create IPUIPlugin
2025-03-28 13:36:54,477 [INFO] PluginManager:220 - loadIPPluginJar : add tsc
2025-03-28 13:36:54,495 [INFO] IPUIPlugin:80 - create IPUIPlugin
2025-03-28 13:36:54,495 [INFO] PluginManager:220 - loadIPPluginJar : add ucpd
2025-03-28 13:36:54,525 [INFO] IPUIPlugin:80 - create IPUIPlugin
2025-03-28 13:36:54,526 [INFO] PluginManager:220 - loadIPPluginJar : add usart
2025-03-28 13:36:54,559 [INFO] IPUIPlugin:80 - create IPUIPlugin
2025-03-28 13:36:54,559 [INFO] PluginManager:220 - loadIPPluginJar : add usbx
2025-03-28 13:36:54,669 [FATAL] Updater:351 - Updater called before beeing initialized
2025-03-28 13:36:54,685 [INFO] RulesReader:64 - Compatibility file has been processed (301 Rules)
2025-03-28 13:36:54,696 [INFO] RulesReader:64 - Compatibility file has been processed (301 Rules)
2025-03-28 13:36:54,705 [INFO] CADModel:165 - CPN selected for project level
2025-03-28 13:36:54,705 [INFO] CADModel:114 - Register for checkConnection events
2025-03-28 13:36:54,705 [FATAL] Updater:351 - Updater called before beeing initialized
2025-03-28 13:36:54,705 [ERROR] CADModel:125 - Updater not yet initialized, retry later 
2025-03-28 13:36:54,810 [FATAL] Updater:351 - Updater called before beeing initialized
2025-03-28 13:36:54,812 [INFO] CADModel:165 - CPN selected for project level
2025-03-28 13:36:54,812 [INFO] CADModel:114 - Register for checkConnection events
2025-03-28 13:36:54,812 [FATAL] Updater:351 - Updater called before beeing initialized
2025-03-28 13:36:54,812 [ERROR] CADModel:125 - Updater not yet initialized, retry later 
2025-03-28 13:36:54,814 [FATAL] Updater:351 - Updater called before beeing initialized
2025-03-28 13:36:54,886 [FATAL] Updater:351 - Updater called before beeing initialized
2025-03-28 13:36:54,894 [INFO] DbMcusAds:53 - JSON generation date=Thu Mar 06 09:54:21 EST 2025 (1741272861825)
2025-03-28 13:36:54,895 [FATAL] Updater:351 - Updater called before beeing initialized
2025-03-28 13:36:54,923 [WARN] DetailPanel:346 - Failed to get advertising image, set to default
2025-03-28 13:36:55,072 [FATAL] Updater:351 - Updater called before beeing initialized
2025-03-28 13:36:55,073 [FATAL] Updater:351 - Updater called before beeing initialized
2025-03-28 13:36:55,073 [FATAL] Updater:351 - Updater called before beeing initialized
2025-03-28 13:36:55,073 [WARN] DetailPanel:346 - Failed to get advertising image, set to default
2025-03-28 13:36:55,074 [FATAL] Updater:351 - Updater called before beeing initialized
2025-03-28 13:36:55,113 [ERROR] Updater:1198 - MainUpdater not yet initialized. External WinMGr cannot be set.
2025-03-28 13:36:55,122 [INFO] Updater:1134 - Updater Version found : 6.14.0
2025-03-28 13:36:55,140 [INFO] ApplicationProperties:184 - Using Application install path: C:\ST\STM32CubeIDE_1.17.0\STM32CubeIDE\plugins\com.st.stm32cube.common.mx_6.14.0.202502271554
2025-03-28 13:36:55,636 [INFO] ThirdPartyUpdaterWithRetryManager:70 - Updater plugin not ready yet. [2/15]
2025-03-28 13:36:56,711 [ERROR] LogOutputStream:75 - [STDERR_REDIRECT] Mar 28, 2025 1:36:56 PM java.util.prefs.WindowsPreferences <init>
2025-03-28 13:36:56,711 [ERROR] LogOutputStream:75 - [STDERR_REDIRECT] WARNING: Could not open/create prefs root node Software\JavaSoft\Prefs at root 0xffffffff80000002. Windows RegCreateKeyEx(...) returned error code 5.
2025-03-28 13:36:56,712 [ERROR] LogOutputStream:75 - [STDERR_REDIRECT] 
2025-03-28 13:36:56,999 [INFO] MainUpdater:2872 - connection check result : 10
2025-03-28 13:36:56,999 [INFO] MainUpdater:289 - Updater Check For Update Now.
2025-03-28 13:36:56,999 [INFO] MicroXplorer:498 - Change Database Version : DB.6.0.140
2025-03-28 13:36:57,012 [INFO] McuFinderGlobals:63 - Set McuFinder mode to 2 (CubeIDE integrated)
2025-03-28 13:36:57,013 [INFO] UserAuth:171 - activating auth plugin
2025-03-28 13:36:57,016 [INFO] UserAuth:486 - Internet connection configuration mode: 1
2025-03-28 13:36:57,045 [INFO] JxBrowserEngine:152 - Initiate JxBrowser Engine with user profile folder
2025-03-28 13:36:57,166 [INFO] CheckServerUpdateThread:120 - End of CheckServer Thread
2025-03-28 13:36:58,517 [INFO] WebApp:169 - Instantiating new browser for Auth
2025-03-28 13:36:58,763 [WARN] PackLoader:240 - Cannot read IP mode file for STMicroelectronics.FP-SNS-MOTENVWB1.1.4.0
2025-03-28 13:36:58,778 [WARN] PackLoader:240 - Cannot read IP mode file for STMicroelectronics.FP-ATR-ASTRA1.2.0.2
2025-03-28 13:36:58,788 [WARN] PackLoader:240 - Cannot read IP mode file for STMicroelectronics.FP-ATR-ASTRA1.2.0.1
2025-03-28 13:36:58,801 [WARN] PackLoader:240 - Cannot read IP mode file for STMicroelectronics.X-CUBE-SMBUS.2.1.0
2025-03-28 13:36:58,815 [WARN] PackLoader:240 - Cannot read IP mode file for STMicroelectronics.X-CUBE-WB05N.1.1.0
2025-03-28 13:36:58,848 [WARN] PackLoader:240 - Cannot read IP mode file for STMicroelectronics.X-CUBE-AZRTOS-F7.1.1.0
2025-03-28 13:36:58,893 [WARN] PackLoader:240 - Cannot read IP mode file for STMicroelectronics.X-CUBE-MEMS1.11.0.0
2025-03-28 13:36:58,996 [WARN] PackLoader:240 - Cannot read IP mode file for STMicroelectronics.FP-SNS-FLIGHT1.5.0.2
2025-03-28 13:36:59,021 [WARN] PackLoader:240 - Cannot read IP mode file for Infineon.AIROC-Wi-Fi-Bluetooth-STM32.1.7.0
2025-03-28 13:36:59,042 [WARN] PackLoader:240 - Cannot read IP mode file for STMicroelectronics.X-CUBE-DISPLAY.3.0.0
2025-03-28 13:36:59,062 [WARN] PackLoader:240 - Cannot read IP mode file for STMicroelectronics.X-CUBE-BLE1.7.0.0
2025-03-28 13:36:59,077 [WARN] PackLoader:240 - Cannot read IP mode file for STMicroelectronics.X-CUBE-NFC10.1.0.0
2025-03-28 13:36:59,095 [WARN] PackLoader:240 - Cannot read IP mode file for STMicroelectronics.X-CUBE-BLEMGR.4.0.0
2025-03-28 13:36:59,114 [WARN] PackLoader:240 - Cannot read IP mode file for emotas.I-CUBE-CANOPEN.1.3.0
2025-03-28 13:36:59,132 [WARN] PackLoader:240 - Cannot read IP mode file for STMicroelectronics.X-CUBE-AI.10.0.0
2025-03-28 13:36:59,150 [WARN] PackLoader:240 - Cannot read IP mode file for STMicroelectronics.FP-SNS-SMARTAG2.1.2.0
2025-03-28 13:36:59,161 [WARN] PackLoader:240 - Cannot read IP mode file for STMicroelectronics.FP-SNS-FLIGHT1.5.1.0
2025-03-28 13:36:59,197 [WARN] PackLoader:240 - Cannot read IP mode file for STMicroelectronics.X-CUBE-MEMS1.11.1.0
2025-03-28 13:36:59,207 [INFO] WebApp:463 - Apply proxy settings
2025-03-28 13:36:59,207 [INFO] WebApp:548 - Chromium requires no authentication
2025-03-28 13:36:59,222 [INFO] WebApp:491 - Direct internet connection detected
2025-03-28 13:36:59,268 [INFO] WebApp:894 - Register for checkConnection events
2025-03-28 13:36:59,269 [INFO] WebApp:463 - Apply proxy settings
2025-03-28 13:36:59,269 [INFO] WebApp:548 - Chromium requires no authentication
2025-03-28 13:36:59,269 [INFO] WebApp:491 - Direct internet connection detected
2025-03-28 13:36:59,272 [INFO] LogOutputStream:77 - [STDOUT_REDIRECT] 1 : Invalid condition id : UX_CORESTACK_Condition cause : null
2025-03-28 13:36:59,273 [INFO] LogOutputStream:77 - [STDOUT_REDIRECT] 1 : Invalid condition id : UX_CORESTACK_Condition cause : null
2025-03-28 13:36:59,273 [INFO] LogOutputStream:77 - [STDOUT_REDIRECT] 1 : Invalid condition id : UX_CORESTACK_Condition cause : null
2025-03-28 13:36:59,274 [INFO] LogOutputStream:77 - [STDOUT_REDIRECT] 1 : Invalid condition id : UX_CORESTACK_Condition cause : null
2025-03-28 13:36:59,275 [INFO] LogOutputStream:77 - [STDOUT_REDIRECT] 1 : Invalid condition id : UX_CORESTACK_Condition cause : null
2025-03-28 13:36:59,276 [WARN] PackLoader:240 - Cannot read IP mode file for STMicroelectronics.X-CUBE-AZRTOS-WL.2.0.0
2025-03-28 13:36:59,295 [WARN] PackLoader:240 - Cannot read IP mode file for STMicroelectronics.FP-SNS-MOTENV1.5.0.0
2025-03-28 13:36:59,308 [WARN] PackLoader:240 - Cannot read IP mode file for wolfSSL.I-CUBE-wolfMQTT.1.19.0
2025-03-28 13:36:59,322 [WARN] PackLoader:240 - Cannot read IP mode file for WES.I-CUBE-Cesium.1.3.0
2025-03-28 13:36:59,339 [WARN] PackLoader:240 - Cannot read IP mode file for STMicroelectronics.X-CUBE-BLE2.3.3.0
2025-03-28 13:36:59,354 [WARN] PackLoader:240 - Cannot read IP mode file for STMicroelectronics.X-CUBE-NFC9.1.0.0
2025-03-28 13:36:59,367 [WARN] PackLoader:240 - Cannot read IP mode file for STMicroelectronics.X-CUBE-BLE1.7.1.0
2025-03-28 13:36:59,390 [WARN] PackLoader:240 - Cannot read IP mode file for STMicroelectronics.X-CUBE-AZRTOS-G0.1.1.0
2025-03-28 13:36:59,410 [WARN] PackLoader:240 - Cannot read IP mode file for STMicroelectronics.X-CUBE-SAFEA1.1.2.2
2025-03-28 13:36:59,430 [WARN] PackLoader:240 - Cannot read IP mode file for STMicroelectronics.X-CUBE-NFC4.3.0.0
2025-03-28 13:36:59,431 [INFO] WebApp:191 - Connection restablished
2025-03-28 13:36:59,445 [WARN] PackLoader:240 - Cannot read IP mode file for EmbeddedOffice.I-CUBE-FS-RTOS.1.0.1
2025-03-28 13:36:59,462 [WARN] PackLoader:240 - Cannot read IP mode file for STMicroelectronics.X-CUBE-TCPP.4.2.0
2025-03-28 13:36:59,478 [WARN] PackLoader:240 - Cannot read IP mode file for RealThread.X-CUBE-RT-Thread_Nano.4.1.1
2025-03-28 13:36:59,491 [WARN] PackLoader:240 - Cannot read IP mode file for STMicroelectronics.FP-ATR-SIGFOX1.3.2.0
2025-03-28 13:36:59,498 [INFO] WebApp:225 - Starting web application
2025-03-28 13:36:59,498 [INFO] WebApp:593 - Web application path used C:\ST\STM32CubeIDE_1.17.0\STM32CubeIDE\plugins\com.st.stm32cube.common.mx_6.14.0.202502271554\db\plugins\mcufinder\reactClient1\index.html
2025-03-28 13:36:59,505 [WARN] ConditionMgr:438 - getConditionDescription Invalid condition id : Cortex-A Device cause : null
2025-03-28 13:36:59,529 [WARN] ConditionMgr:1044 - genDependencies : Invalid condition id : Cortex-A Device cause : null
2025-03-28 13:36:59,530 [WARN] ConditionMgr:1044 - genDependencies : Invalid condition id : Cortex-A Device cause : null
2025-03-28 13:36:59,530 [WARN] ConditionMgr:1044 - genDependencies : Invalid condition id : Cortex-A Device cause : null
2025-03-28 13:36:59,544 [WARN] PackLoader:240 - Cannot read IP mode file for STMicroelectronics.X-CUBE-EEPRMA1.5.1.0
2025-03-28 13:36:59,562 [WARN] PackLoader:240 - Cannot read IP mode file for wolfSSL.I-CUBE-wolfSSL.5.7.4
2025-03-28 13:36:59,577 [WARN] PackLoader:240 - Cannot read IP mode file for ITTIA_DB.I-CUBE-ITTIADB.8.9.0
2025-03-28 13:36:59,607 [WARN] PackLoader:240 - Cannot read IP mode file for SEGGER.I-CUBE-embOS.1.3.1
2025-03-28 13:36:59,645 [WARN] PackLoader:240 - Cannot read IP mode file for STMicroelectronics.X-CUBE-ALGOBUILD.1.4.0
2025-03-28 13:36:59,666 [WARN] PackLoader:240 - Cannot read IP mode file for STMicroelectronics.X-CUBE-AI.9.1.0
2025-03-28 13:36:59,687 [WARN] PackLoader:240 - Cannot read IP mode file for STMicroelectronics.X-CUBE-AZRTOS-F4.1.1.0
2025-03-28 13:36:59,701 [WARN] PackLoader:240 - Cannot read IP mode file for STMicroelectronics.X-CUBE-ISPU.2.1.0
2025-03-28 13:36:59,724 [WARN] PackLoader:240 - Cannot read IP mode file for STMicroelectronics.X-CUBE-AZRTOS-L5.2.0.0
2025-03-28 13:36:59,737 [WARN] PackLoader:240 - Cannot read IP mode file for STMicroelectronics.X-CUBE-NFC6.3.1.0
2025-03-28 13:36:59,752 [WARN] PackLoader:240 - Cannot read IP mode file for STMicroelectronics.X-CUBE-DPower.1.2.0
2025-03-28 13:36:59,764 [WARN] PackLoader:240 - Cannot read IP mode file for STMicroelectronics.X-CUBE-FREERTOS.1.3.0
2025-03-28 13:36:59,777 [WARN] PackLoader:240 - Cannot read IP mode file for STMicroelectronics.X-CUBE-NFC7.1.0.1
2025-03-28 13:36:59,880 [WARN] ConditionMgr:438 - getConditionDescription Invalid condition id : LAN8742 Phy interface Condition cause : null
2025-03-28 13:36:59,881 [WARN] PackLoader:240 - Cannot read IP mode file for STMicroelectronics.X-CUBE-AZRTOS-L4.2.0.0
2025-03-28 13:36:59,882 [WARN] ConditionMgr:1044 - genDependencies : Invalid condition id : LAN8742 Phy interface Condition cause : null
2025-03-28 13:36:59,882 [WARN] ConditionMgr:1044 - genDependencies : Invalid condition id : LAN8742 Phy interface Condition cause : null
2025-03-28 13:36:59,882 [WARN] ConditionMgr:1044 - genDependencies : Invalid condition id : LAN8742 Phy interface Condition cause : null
2025-03-28 13:36:59,898 [WARN] PackLoader:240 - Cannot read IP mode file for STMicroelectronics.X-CUBE-SFXS2LP1.4.0.0
2025-03-28 13:36:59,928 [WARN] PackLoader:240 - Cannot read IP mode file for STMicroelectronics.X-CUBE-AZRTOS-H7.3.3.0
2025-03-28 13:36:59,947 [WARN] PackLoader:240 - Cannot read IP mode file for STMicroelectronics.X-CUBE-IPS.3.0.0
2025-03-28 13:36:59,969 [WARN] ConditionMgr:438 - getConditionDescription Invalid condition id : UX DEVICE CLASS RTOS Condition cause : null
2025-03-28 13:36:59,969 [WARN] ConditionMgr:438 - getConditionDescription Invalid condition id : UX DEVICE CLASS RTOS Condition cause : null
2025-03-28 13:36:59,970 [WARN] PackLoader:240 - Cannot read IP mode file for STMicroelectronics.X-CUBE-AZRTOS-WB.2.0.0
2025-03-28 13:36:59,970 [WARN] ConditionMgr:1044 - genDependencies : Invalid condition id : UX DEVICE CLASS RTOS Condition cause : null
2025-03-28 13:36:59,970 [WARN] ConditionMgr:1044 - genDependencies : Invalid condition id : UX DEVICE CLASS RTOS Condition cause : null
2025-03-28 13:36:59,970 [WARN] ConditionMgr:1044 - genDependencies : Invalid condition id : UX DEVICE CLASS RTOS Condition cause : null
2025-03-28 13:36:59,970 [WARN] ConditionMgr:1044 - genDependencies : Invalid condition id : UX DEVICE CLASS RTOS Condition cause : null
2025-03-28 13:36:59,970 [WARN] ConditionMgr:1044 - genDependencies : Invalid condition id : UX DEVICE CLASS RTOS Condition cause : null
2025-03-28 13:36:59,981 [WARN] PackLoader:240 - Cannot read IP mode file for STMicroelectronics.X-CUBE-GNSS1.7.0.0
2025-03-28 13:36:59,992 [WARN] PackLoader:240 - Cannot read IP mode file for STMicroelectronics.X-CUBE-GNSS1.7.0.1
2025-03-28 13:37:00,005 [WARN] PackLoader:240 - Cannot read IP mode file for STMicroelectronics.X-CUBE-TOUCHGFX.4.25.0
2025-03-28 13:37:00,018 [WARN] PackLoader:240 - Cannot read IP mode file for STMicroelectronics.FP-SNS-STBOX1.2.0.0
2025-03-28 13:37:00,033 [WARN] PackLoader:240 - Cannot read IP mode file for STMicroelectronics.X-CUBE-SUBG2.5.0.0
2025-03-28 13:37:00,058 [WARN] PackLoader:240 - Cannot read IP mode file for STMicroelectronics.X-CUBE-AZRTOS-H7RS.1.1.0
2025-03-28 13:37:00,071 [WARN] PackLoader:240 - Cannot read IP mode file for Cesanta.I-CUBE-Mongoose.7.13.0
2025-03-28 13:37:00,091 [WARN] PackLoader:240 - Cannot read IP mode file for STMicroelectronics.X-CUBE-AZRTOS-G4.2.0.0
2025-03-28 13:37:00,105 [WARN] PackLoader:240 - Cannot read IP mode file for STMicroelectronics.X-CUBE-IPS.3.1.0
2025-03-28 13:37:00,117 [WARN] PackLoader:240 - Cannot read IP mode file for STMicroelectronics.X-CUBE-ALS.1.0.2
2025-03-28 13:37:00,128 [WARN] PackLoader:240 - Cannot read IP mode file for STMicroelectronics.X-CUBE-TOUCHGFX.4.24.1
2025-03-28 13:37:00,139 [WARN] PackLoader:240 - Cannot read IP mode file for wolfSSL.I-CUBE-wolfTPM.3.4.0
2025-03-28 13:37:00,153 [WARN] PackLoader:240 - Cannot read IP mode file for portGmbH.I-Cube-SoM-uGOAL.1.1.0
2025-03-28 13:37:00,171 [WARN] PackLoader:240 - Cannot read IP mode file for STMicroelectronics.X-CUBE-AZRTOS-H7RS.1.0.0
2025-03-28 13:37:00,185 [WARN] PackLoader:240 - Cannot read IP mode file for STMicroelectronics.X-CUBE-TOF1.3.4.2
2025-03-28 13:37:00,198 [WARN] PackLoader:240 - Cannot read IP mode file for wolfSSL.I-CUBE-wolfSSH.1.4.17
2025-03-28 13:37:00,199 [INFO] ThirdParty:978 - Integrity check success = true
2025-03-28 13:37:00,199 [INFO] IntegrityCheckThread:100 - exiting critical section [integrity check]
2025-03-28 13:37:00,199 [INFO] IntegrityCheckThread:103 - End integrity checks thread
2025-03-28 14:06:10,680 [ERROR] LogOutputStream:75 - [STDERR_REDIRECT] 
